<?xml version="1.0" encoding="UTF-8"?>
<testng-results ignored="0" total="1" passed="0" failed="1" skipped="0">
  <reporter-output>
  </reporter-output>
  <suite started-at="2024-04-24T02:04:12 GMT+07:00" name="Default suite" finished-at="2024-04-24T02:04:26 GMT+07:00" duration-ms="13488">
    <groups>
    </groups>
    <test started-at="2024-04-24T02:04:12 GMT+07:00" name="Default test" finished-at="2024-04-24T02:04:26 GMT+07:00" duration-ms="13488">
      <class name="remuneration.Update_heso">
        <test-method is-config="true" signature="setup()[pri:0, instance:remuneration.Update_heso@7c6908d7]" started-at="2024-04-24T02:04:12 GMT+07:00" name="setup" finished-at="2024-04-24T02:04:15 GMT+07:00" duration-ms="2656" status="PASS">
          <reporter-output>
          </reporter-output>
        </test-method> <!-- setup -->
        <test-method signature="updateheso_success(java.lang.String,java.lang.String,java.lang.String,java.lang.String)[pri:0, instance:remuneration.Update_heso@7c6908d7]" started-at="2024-04-24T02:04:15 GMT+07:00" name="updateheso_success" data-provider="dp" finished-at="2024-04-24T02:04:26 GMT+07:00" duration-ms="10683" status="FAIL">
          <params>
            <param index="0">
              <value>
                <![CDATA[3]]>
              </value>
            </param>
            <param index="1">
              <value>
                <![CDATA[3]]>
              </value>
            </param>
            <param index="2">
              <value>
                <![CDATA[4]]>
              </value>
            </param>
            <param index="3">
              <value>
                <![CDATA[3]]>
              </value>
            </param>
          </params>
          <exception class="java.lang.NullPointerException">
            <message>
              <![CDATA[Cannot invoke "org.openqa.selenium.WebElement.click()" because the return value of "org.openqa.selenium.WebDriver.findElement(org.openqa.selenium.By)" is null]]>
            </message>
            <full-stacktrace>
              <![CDATA[java.lang.NullPointerException: Cannot invoke "org.openqa.selenium.WebElement.click()" because the return value of "org.openqa.selenium.WebDriver.findElement(org.openqa.selenium.By)" is null
at page.UpdatePricePage.savebuttonhs(UpdatePricePage.java:54)
at remuneration.Update_heso.updateheso_success(Update_heso.java:56)
at java.base/jdk.internal.reflect.DirectMethodHandleAccessor.invoke(DirectMethodHandleAccessor.java:104)
at java.base/java.lang.reflect.Method.invoke(Method.java:577)
at org.testng.internal.MethodInvocationHelper.invokeMethod(MethodInvocationHelper.java:133)
at org.testng.internal.TestInvoker.invokeMethod(TestInvoker.java:598)
at org.testng.internal.TestInvoker.invokeTestMethod(TestInvoker.java:173)
at org.testng.internal.MethodRunner.runInSequence(MethodRunner.java:46)
at org.testng.internal.TestInvoker$MethodInvocationAgent.invoke(TestInvoker.java:824)
at org.testng.internal.TestInvoker.invokeTestMethods(TestInvoker.java:146)
at org.testng.internal.TestMethodWorker.invokeTestMethods(TestMethodWorker.java:146)
at org.testng.internal.TestMethodWorker.run(TestMethodWorker.java:128)
at java.base/java.util.ArrayList.forEach(ArrayList.java:1511)
at org.testng.TestRunner.privateRun(TestRunner.java:794)
at org.testng.TestRunner.run(TestRunner.java:596)
at org.testng.SuiteRunner.runTest(SuiteRunner.java:377)
at org.testng.SuiteRunner.runSequentially(SuiteRunner.java:371)
at org.testng.SuiteRunner.privateRun(SuiteRunner.java:332)
at org.testng.SuiteRunner.run(SuiteRunner.java:276)
at org.testng.SuiteRunnerWorker.runSuite(SuiteRunnerWorker.java:53)
at org.testng.SuiteRunnerWorker.run(SuiteRunnerWorker.java:96)
at org.testng.TestNG.runSuitesSequentially(TestNG.java:1212)
at org.testng.TestNG.runSuitesLocally(TestNG.java:1134)
at org.testng.TestNG.runSuites(TestNG.java:1063)
at org.testng.TestNG.run(TestNG.java:1031)
at org.testng.remote.AbstractRemoteTestNG.run(AbstractRemoteTestNG.java:115)
at org.testng.remote.RemoteTestNG.initAndRun(RemoteTestNG.java:251)
at org.testng.remote.RemoteTestNG.main(RemoteTestNG.java:77)
]]>
            </full-stacktrace>
          </exception> <!-- java.lang.NullPointerException -->
          <reporter-output>
          </reporter-output>
        </test-method> <!-- updateheso_success -->
        <test-method is-config="true" signature="tearDown()[pri:0, instance:remuneration.Update_heso@7c6908d7]" started-at="2024-04-24T02:04:26 GMT+07:00" name="tearDown" finished-at="2024-04-24T02:04:26 GMT+07:00" duration-ms="117" status="PASS">
          <reporter-output>
          </reporter-output>
        </test-method> <!-- tearDown -->
      </class> <!-- remuneration.Update_heso -->
    </test> <!-- Default test -->
  </suite> <!-- Default suite -->
</testng-results>
